[0927/184712.381:INFO:CONSOLE(0)] "Error with Permissions-Policy header: Feature xr-spatial-tracking's parameters are ignored.", source:  (0)
[0927/184712.381:INFO:CONSOLE(0)] "Error with Permissions-Policy header: Origin trial controlled feature not enabled: 'attribution-reporting'.", source:  (0)
[0927/184712.381:INFO:CONSOLE(0)] "Error with Permissions-Policy header: Unrecognized feature: 'compute-pressure'.", source:  (0)
[0927/184712.381:INFO:CONSOLE(0)] "Error with Permissions-Policy header: Origin trial controlled feature not enabled: 'interest-cohort'.", source:  (0)
[0927/184712.381:INFO:CONSOLE(0)] "Error with Permissions-Policy header: Unrecognized feature: 'private-state-token-issuance'.", source:  (0)
[0927/184712.381:INFO:CONSOLE(0)] "Error with Permissions-Policy header: Origin trial controlled feature not enabled: 'shared-storage'.", source:  (0)
[0927/184712.381:INFO:CONSOLE(0)] "Error with Permissions-Policy header: Unrecognized feature: 'shared-storage-select-url'.", source:  (0)
[0927/184712.381:INFO:CONSOLE(0)] "Error with Permissions-Policy header: Unrecognized feature: 'private-state-token-redemption'.", source:  (0)
[0927/184712.381:INFO:CONSOLE(0)] "Error with Permissions-Policy header: Unrecognized feature: 'unload'.", source:  (0)
[0927/184712.381:INFO:CONSOLE(0)] "Error with Permissions-Policy header: Unrecognized feature: 'window-management'.", source:  (0)
[0927/184714.062:INFO:CONSOLE(343)] "WAWebLoggerWorker initialized", source: https://static.whatsapp.net/rsrc.php/v3/yG/r/BWINN-gp6kJ.js?_nc_x=Ij3Wp8lg5Kz (343)
[0927/184714.063:INFO:CONSOLE(343)] "[storage] start setSchemaVersions from fts worker interface", source: https://static.whatsapp.net/rsrc.php/v3/yG/r/BWINN-gp6kJ.js?_nc_x=Ij3Wp8lg5Kz (343)
[0927/184714.063:INFO:CONSOLE(343)] "[storage] set schema versions: [model-storage,159,fts-storage,8,jobs-storage,1,lru-media-storage-idb,2,offd-storage,4,qpl-storage,0,signal-storage,6,worker-storage,1,sw,2,wawc,14,wawc_db_enc,2]. is worker? true", source: https://static.whatsapp.net/rsrc.php/v3/yG/r/BWINN-gp6kJ.js?_nc_x=Ij3Wp8lg5Kz (343)
[0927/184714.066:INFO:CONSOLE(123)] "Event handler of 'x-storagemutated-1' event must be added on the initial evaluation of worker script.", source: https://static.whatsapp.net/rsrc.php/v3/y3/r/UqQNxFcfpfR.js?_nc_x=Ij3Wp8lg5Kz (123)
[0927/184735.086:INFO:CONSOLE(343)] "FTS:Delegate: start indexer", source: https://static.whatsapp.net/rsrc.php/v3/yG/r/BWINN-gp6kJ.js?_nc_x=Ij3Wp8lg5Kz (343)
[0927/184735.086:INFO:CONSOLE(343)] "FTS:Delegate: start perform init", source: https://static.whatsapp.net/rsrc.php/v3/yG/r/BWINN-gp6kJ.js?_nc_x=Ij3Wp8lg5Kz (343)
[0927/184735.086:INFO:CONSOLE(343)] "FTS:Delegate: schema versions ready", source: https://static.whatsapp.net/rsrc.php/v3/yG/r/BWINN-gp6kJ.js?_nc_x=Ij3Wp8lg5Kz (343)
[0927/184735.086:INFO:CONSOLE(343)] "FTS:Delegate: before db initialization", source: https://static.whatsapp.net/rsrc.php/v3/yG/r/BWINN-gp6kJ.js?_nc_x=Ij3Wp8lg5Kz (343)
[0927/184735.087:INFO:CONSOLE(343)] "[storage] applying schema versions from [0 to 8] for the database: 'fts-storage'", source: https://static.whatsapp.net/rsrc.php/v3/yG/r/BWINN-gp6kJ.js?_nc_x=Ij3Wp8lg5Kz (343)
[0927/184735.098:INFO:CONSOLE(343)] "[storage] applying schema versions from [0 to 159] for the database: 'model-storage'", source: https://static.whatsapp.net/rsrc.php/v3/yG/r/BWINN-gp6kJ.js?_nc_x=Ij3Wp8lg5Kz (343)
[0927/184736.071:INFO:CONSOLE(343)] "FTS:Delegate: after db initialization", source: https://static.whatsapp.net/rsrc.php/v3/yG/r/BWINN-gp6kJ.js?_nc_x=Ij3Wp8lg5Kz (343)
[0927/184736.073:INFO:CONSOLE(343)] "FTS:Manifest Writer: Set current version to ['3.1', '1']", source: https://static.whatsapp.net/rsrc.php/v3/yG/r/BWINN-gp6kJ.js?_nc_x=Ij3Wp8lg5Kz (343)
[0927/184736.073:INFO:CONSOLE(343)] "FTS:Delegate: Inited", source: https://static.whatsapp.net/rsrc.php/v3/yG/r/BWINN-gp6kJ.js?_nc_x=Ij3Wp8lg5Kz (343)
[0927/184736.073:INFO:CONSOLE(343)] "FTS:Delegate: Init indexing ops", source: https://static.whatsapp.net/rsrc.php/v3/yG/r/BWINN-gp6kJ.js?_nc_x=Ij3Wp8lg5Kz (343)
[0927/184736.077:INFO:CONSOLE(343)] "Current message batch is from entry 0 of 0...", source: https://static.whatsapp.net/rsrc.php/v3/yG/r/BWINN-gp6kJ.js?_nc_x=Ij3Wp8lg5Kz (343)
[0927/184736.078:INFO:CONSOLE(343)] "FTS:Indexer:indexQueuedBatch: Starting new batch size : 1000", source: https://static.whatsapp.net/rsrc.php/v3/yG/r/BWINN-gp6kJ.js?_nc_x=Ij3Wp8lg5Kz (343)
[0927/184736.079:INFO:CONSOLE(343)] "FTS:Indexer:indexQueuedBatch: Completed", source: https://static.whatsapp.net/rsrc.php/v3/yG/r/BWINN-gp6kJ.js?_nc_x=Ij3Wp8lg5Kz (343)
[0927/184744.755:INFO:CONSOLE(343)] "FTS:Indexer:indexQueuedBatch: Starting new batch size : 1000", source: https://static.whatsapp.net/rsrc.php/v3/yG/r/BWINN-gp6kJ.js?_nc_x=Ij3Wp8lg5Kz (343)
[0927/184744.820:INFO:CONSOLE(343)] "FTS:Indexer:indexQueuedBatch: Completed", source: https://static.whatsapp.net/rsrc.php/v3/yG/r/BWINN-gp6kJ.js?_nc_x=Ij3Wp8lg5Kz (343)
[0927/184746.736:INFO:CONSOLE(343)] "FTS:Indexer:indexQueuedBatch: Starting new batch size : 1000", source: https://static.whatsapp.net/rsrc.php/v3/yG/r/BWINN-gp6kJ.js?_nc_x=Ij3Wp8lg5Kz (343)
[0927/184803.649:INFO:CONSOLE(343)] "FTS:Indexer:indexQueuedBatch: Completed batch", source: https://static.whatsapp.net/rsrc.php/v3/yG/r/BWINN-gp6kJ.js?_nc_x=Ij3Wp8lg5Kz (343)
[0927/184803.649:INFO:CONSOLE(343)] "FTS:Indexer:indexQueuedBatch: Completed", source: https://static.whatsapp.net/rsrc.php/v3/yG/r/BWINN-gp6kJ.js?_nc_x=Ij3Wp8lg5Kz (343)
[0927/184833.036:INFO:CONSOLE(343)] "FTS:Indexer:indexQueuedBatch: Starting new batch size : 1000", source: https://static.whatsapp.net/rsrc.php/v3/yG/r/BWINN-gp6kJ.js?_nc_x=Ij3Wp8lg5Kz (343)
[0927/184916.777:INFO:CONSOLE(343)] "FTS:Indexer:indexQueuedBatch: Completed batch", source: https://static.whatsapp.net/rsrc.php/v3/yG/r/BWINN-gp6kJ.js?_nc_x=Ij3Wp8lg5Kz (343)
[0927/185000.919:INFO:CONSOLE(343)] "FTS:Indexer:indexQueuedBatch: Completed batch", source: https://static.whatsapp.net/rsrc.php/v3/yG/r/BWINN-gp6kJ.js?_nc_x=Ij3Wp8lg5Kz (343)
[0927/185042.568:INFO:CONSOLE(343)] "FTS:Indexer:indexQueuedBatch: Completed batch", source: https://static.whatsapp.net/rsrc.php/v3/yG/r/BWINN-gp6kJ.js?_nc_x=Ij3Wp8lg5Kz (343)
[0927/185128.377:INFO:CONSOLE(343)] "FTS:Indexer:indexQueuedBatch: Completed batch", source: https://static.whatsapp.net/rsrc.php/v3/yG/r/BWINN-gp6kJ.js?_nc_x=Ij3Wp8lg5Kz (343)
[0927/185150.623:INFO:CONSOLE(343)] "FTS:Indexer:indexQueuedBatch: Completed batch", source: https://static.whatsapp.net/rsrc.php/v3/yG/r/BWINN-gp6kJ.js?_nc_x=Ij3Wp8lg5Kz (343)
[0927/185150.672:INFO:CONSOLE(343)] "FTS:Indexer:indexQueuedBatch: Completed", source: https://static.whatsapp.net/rsrc.php/v3/yG/r/BWINN-gp6kJ.js?_nc_x=Ij3Wp8lg5Kz (343)
[0927/185235.024:INFO:CONSOLE(341)] "Failed to parse video contentType: video/mp4; codecs=avc1.42000a", source: https://static.whatsapp.net/rsrc.php/v3iHCc4/yd/l/rt/2meVNTUZqGn.js?_nc_x=Ij3Wp8lg5Kz (341)
[0927/185235.024:INFO:CONSOLE(341)] "Failed to parse video contentType: video/mp4; codecs=hev1.1.6.L93.B0", source: https://static.whatsapp.net/rsrc.php/v3iHCc4/yd/l/rt/2meVNTUZqGn.js?_nc_x=Ij3Wp8lg5Kz (341)
[0927/185240.777:INFO:CONSOLE(123)] "Event handler of 'x-storagemutated-1' event must be added on the initial evaluation of worker script.", source: https://static.whatsapp.net/rsrc.php/v3/y3/r/UqQNxFcfpfR.js?_nc_x=Ij3Wp8lg5Kz (123)
[0927/191102.822:INFO:CONSOLE(123)] "Event handler of 'x-storagemutated-1' event must be added on the initial evaluation of worker script.", source: https://static.whatsapp.net/rsrc.php/v3/y3/r/UqQNxFcfpfR.js?_nc_x=Ij3Wp8lg5Kz (123)
[0927/191335.376:INFO:CONSOLE(343)] "App reconnected to chatd, during same session", source: https://static.whatsapp.net/rsrc.php/v3/yG/r/BWINN-gp6kJ.js?_nc_x=Ij3Wp8lg5Kz (343)
